  [1m[36m (167.1ms)[0m  [1mCREATE TABLE "schema_migrations" ("version" character varying NOT NULL) [0m
  [1m[35m (2.4ms)[0m  CREATE UNIQUE INDEX  "unique_schema_migrations" ON "schema_migrations"  ("version")
  [1m[36mActiveRecord::SchemaMigration Load (0.5ms)[0m  [1mSELECT "schema_migrations".* FROM "schema_migrations"[0m
Migrating to CreateUsers (20161201213924)
  [1m[35m (0.3ms)[0m  BEGIN
DEPRECATION WARNING: `#timestamps` was called without specifying an option for `null`. In Rails 5, this behavior will change to `null: false`. You should manually specify `null: true` to prevent the behavior of your existing migrations from changing. (called from block in change at /Users/appacademy/Desktop/PollApp/PollApp/db/migrate/20161201213924_create_users.rb:6)
  [1m[36m (116.2ms)[0m  [1mCREATE TABLE "users" ("id" serial primary key, "name" character varying, "created_at" timestamp, "updated_at" timestamp) [0m
  [1m[35m (1.3ms)[0m  CREATE UNIQUE INDEX  "index_users_on_name" ON "users"  ("name")
  [1m[36mSQL (0.6ms)[0m  [1mINSERT INTO "schema_migrations" ("version") VALUES ($1)[0m  [["version", "20161201213924"]]
  [1m[35m (0.7ms)[0m  COMMIT
Migrating to CreatePolls (20161201214100)
  [1m[36m (0.3ms)[0m  [1mBEGIN[0m
DEPRECATION WARNING: `#timestamps` was called without specifying an option for `null`. In Rails 5, this behavior will change to `null: false`. You should manually specify `null: true` to prevent the behavior of your existing migrations from changing. (called from block in change at /Users/appacademy/Desktop/PollApp/PollApp/db/migrate/20161201214100_create_polls.rb:6)
  [1m[35m (4.4ms)[0m  CREATE TABLE "polls" ("id" serial primary key, "title" character varying, "user_id" integer, "created_at" timestamp, "updated_at" timestamp) 
  [1m[36m (1.1ms)[0m  [1mCREATE  INDEX  "index_polls_on_user_id" ON "polls"  ("user_id")[0m
  [1m[35mSQL (0.3ms)[0m  INSERT INTO "schema_migrations" ("version") VALUES ($1)  [["version", "20161201214100"]]
  [1m[36m (0.6ms)[0m  [1mCOMMIT[0m
Migrating to CreateQuestions (20161201214306)
  [1m[35m (0.4ms)[0m  BEGIN
DEPRECATION WARNING: `#timestamps` was called without specifying an option for `null`. In Rails 5, this behavior will change to `null: false`. You should manually specify `null: true` to prevent the behavior of your existing migrations from changing. (called from block in change at /Users/appacademy/Desktop/PollApp/PollApp/db/migrate/20161201214306_create_questions.rb:7)
  [1m[36m (24.1ms)[0m  [1mCREATE TABLE "questions" ("id" serial primary key, "text" text, "poll_id" integer, "created_at" timestamp, "updated_at" timestamp) [0m
  [1m[35m (1.3ms)[0m  CREATE  INDEX  "index_questions_on_poll_id" ON "questions"  ("poll_id")
  [1m[36mSQL (0.3ms)[0m  [1mINSERT INTO "schema_migrations" ("version") VALUES ($1)[0m  [["version", "20161201214306"]]
  [1m[35m (0.6ms)[0m  COMMIT
Migrating to CreateAnswerChoices (20161201214531)
  [1m[36m (0.4ms)[0m  [1mBEGIN[0m
DEPRECATION WARNING: `#timestamps` was called without specifying an option for `null`. In Rails 5, this behavior will change to `null: false`. You should manually specify `null: true` to prevent the behavior of your existing migrations from changing. (called from block in change at /Users/appacademy/Desktop/PollApp/PollApp/db/migrate/20161201214531_create_answer_choices.rb:7)
  [1m[35m (4.2ms)[0m  CREATE TABLE "answer_choices" ("id" serial primary key, "question_id" integer, "text" text, "created_at" timestamp, "updated_at" timestamp) 
  [1m[36m (1.1ms)[0m  [1mCREATE  INDEX  "index_answer_choices_on_question_id" ON "answer_choices"  ("question_id")[0m
  [1m[35mSQL (0.2ms)[0m  INSERT INTO "schema_migrations" ("version") VALUES ($1)  [["version", "20161201214531"]]
  [1m[36m (0.6ms)[0m  [1mCOMMIT[0m
Migrating to CreateResponses (20161201215053)
  [1m[35m (0.4ms)[0m  BEGIN
DEPRECATION WARNING: `#timestamps` was called without specifying an option for `null`. In Rails 5, this behavior will change to `null: false`. You should manually specify `null: true` to prevent the behavior of your existing migrations from changing. (called from block in change at /Users/appacademy/Desktop/PollApp/PollApp/db/migrate/20161201215053_create_responses.rb:7)
  [1m[36m (28.6ms)[0m  [1mCREATE TABLE "responses" ("id" serial primary key, "user_id" integer, "answer_choice_id" integer, "created_at" timestamp, "updated_at" timestamp) [0m
  [1m[35m (1.3ms)[0m  CREATE  INDEX  "index_responses_on_user_id" ON "responses"  ("user_id")
  [1m[36m (1.8ms)[0m  [1mCREATE  INDEX  "index_responses_on_answer_choice_id" ON "responses"  ("answer_choice_id")[0m
  [1m[35mSQL (0.3ms)[0m  INSERT INTO "schema_migrations" ("version") VALUES ($1)  [["version", "20161201215053"]]
  [1m[36m (1.1ms)[0m  [1mCOMMIT[0m
  [1m[35mActiveRecord::SchemaMigration Load (0.4ms)[0m  SELECT "schema_migrations".* FROM "schema_migrations"
  [1m[36m (14.2ms)[0m  [1mSELECT t2.oid::regclass::text AS to_table, a1.attname AS column, a2.attname AS primary_key, c.conname AS name, c.confupdtype AS on_update, c.confdeltype AS on_delete
FROM pg_constraint c
JOIN pg_class t1 ON c.conrelid = t1.oid
JOIN pg_class t2 ON c.confrelid = t2.oid
JOIN pg_attribute a1 ON a1.attnum = c.conkey[1] AND a1.attrelid = t1.oid
JOIN pg_attribute a2 ON a2.attnum = c.confkey[1] AND a2.attrelid = t2.oid
JOIN pg_namespace t3 ON c.connamespace = t3.oid
WHERE c.contype = 'f'
  AND t1.relname = 'answer_choices'
  AND t3.nspname = ANY (current_schemas(false))
ORDER BY c.conname
[0m
  [1m[35m (4.3ms)[0m  SELECT t2.oid::regclass::text AS to_table, a1.attname AS column, a2.attname AS primary_key, c.conname AS name, c.confupdtype AS on_update, c.confdeltype AS on_delete
FROM pg_constraint c
JOIN pg_class t1 ON c.conrelid = t1.oid
JOIN pg_class t2 ON c.confrelid = t2.oid
JOIN pg_attribute a1 ON a1.attnum = c.conkey[1] AND a1.attrelid = t1.oid
JOIN pg_attribute a2 ON a2.attnum = c.confkey[1] AND a2.attrelid = t2.oid
JOIN pg_namespace t3 ON c.connamespace = t3.oid
WHERE c.contype = 'f'
  AND t1.relname = 'polls'
  AND t3.nspname = ANY (current_schemas(false))
ORDER BY c.conname

  [1m[36m (4.0ms)[0m  [1mSELECT t2.oid::regclass::text AS to_table, a1.attname AS column, a2.attname AS primary_key, c.conname AS name, c.confupdtype AS on_update, c.confdeltype AS on_delete
FROM pg_constraint c
JOIN pg_class t1 ON c.conrelid = t1.oid
JOIN pg_class t2 ON c.confrelid = t2.oid
JOIN pg_attribute a1 ON a1.attnum = c.conkey[1] AND a1.attrelid = t1.oid
JOIN pg_attribute a2 ON a2.attnum = c.confkey[1] AND a2.attrelid = t2.oid
JOIN pg_namespace t3 ON c.connamespace = t3.oid
WHERE c.contype = 'f'
  AND t1.relname = 'questions'
  AND t3.nspname = ANY (current_schemas(false))
ORDER BY c.conname
[0m
  [1m[35m (3.6ms)[0m  SELECT t2.oid::regclass::text AS to_table, a1.attname AS column, a2.attname AS primary_key, c.conname AS name, c.confupdtype AS on_update, c.confdeltype AS on_delete
FROM pg_constraint c
JOIN pg_class t1 ON c.conrelid = t1.oid
JOIN pg_class t2 ON c.confrelid = t2.oid
JOIN pg_attribute a1 ON a1.attnum = c.conkey[1] AND a1.attrelid = t1.oid
JOIN pg_attribute a2 ON a2.attnum = c.confkey[1] AND a2.attrelid = t2.oid
JOIN pg_namespace t3 ON c.connamespace = t3.oid
WHERE c.contype = 'f'
  AND t1.relname = 'responses'
  AND t3.nspname = ANY (current_schemas(false))
ORDER BY c.conname

  [1m[36m (3.6ms)[0m  [1mSELECT t2.oid::regclass::text AS to_table, a1.attname AS column, a2.attname AS primary_key, c.conname AS name, c.confupdtype AS on_update, c.confdeltype AS on_delete
FROM pg_constraint c
JOIN pg_class t1 ON c.conrelid = t1.oid
JOIN pg_class t2 ON c.confrelid = t2.oid
JOIN pg_attribute a1 ON a1.attnum = c.conkey[1] AND a1.attrelid = t1.oid
JOIN pg_attribute a2 ON a2.attnum = c.confkey[1] AND a2.attrelid = t2.oid
JOIN pg_namespace t3 ON c.connamespace = t3.oid
WHERE c.contype = 'f'
  AND t1.relname = 'users'
  AND t3.nspname = ANY (current_schemas(false))
ORDER BY c.conname
[0m
  [1m[36mResponse Load (15.2ms)[0m  [1mSELECT "responses".* FROM "responses"[0m
  [1m[36mActiveRecord::SchemaMigration Load (0.5ms)[0m  [1mSELECT "schema_migrations".* FROM "schema_migrations"[0m
  [1m[35m (0.2ms)[0m  BEGIN
  [1m[36mUser Exists (22.9ms)[0m  [1mSELECT  1 AS one FROM "users" WHERE "users"."name" = 'Dallas' LIMIT 1[0m
  [1m[35mSQL (19.3ms)[0m  INSERT INTO "users" ("name", "created_at", "updated_at") VALUES ($1, $2, $3) RETURNING "id"  [["name", "Dallas"], ["created_at", "2016-12-01 22:31:18.946693"], ["updated_at", "2016-12-01 22:31:18.946693"]]
  [1m[36m (0.6ms)[0m  [1mCOMMIT[0m
  [1m[35m (0.1ms)[0m  BEGIN
  [1m[36mUser Exists (0.5ms)[0m  [1mSELECT  1 AS one FROM "users" WHERE "users"."name" = 'Ke$ha' LIMIT 1[0m
  [1m[35mSQL (0.3ms)[0m  INSERT INTO "users" ("name", "created_at", "updated_at") VALUES ($1, $2, $3) RETURNING "id"  [["name", "Ke$ha"], ["created_at", "2016-12-01 22:31:18.971117"], ["updated_at", "2016-12-01 22:31:18.971117"]]
  [1m[36m (0.4ms)[0m  [1mCOMMIT[0m
  [1m[35m (0.2ms)[0m  BEGIN
  [1m[36mUser Exists (0.6ms)[0m  [1mSELECT  1 AS one FROM "users" WHERE "users"."name" = 'Bugz' LIMIT 1[0m
  [1m[35mSQL (0.4ms)[0m  INSERT INTO "users" ("name", "created_at", "updated_at") VALUES ($1, $2, $3) RETURNING "id"  [["name", "Bugz"], ["created_at", "2016-12-01 22:31:18.975398"], ["updated_at", "2016-12-01 22:31:18.975398"]]
  [1m[36m (0.4ms)[0m  [1mCOMMIT[0m
  [1m[35m (0.1ms)[0m  BEGIN
  [1m[36mPoll Exists (1.1ms)[0m  [1mSELECT  1 AS one FROM "polls" WHERE "polls"."title" = 'Pancakes and Waffles' LIMIT 1[0m
  [1m[35mSQL (0.8ms)[0m  INSERT INTO "polls" ("title", "user_id", "created_at", "updated_at") VALUES ($1, $2, $3, $4) RETURNING "id"  [["title", "Pancakes and Waffles"], ["user_id", 1], ["created_at", "2016-12-01 22:31:19.004501"], ["updated_at", "2016-12-01 22:31:19.004501"]]
  [1m[36m (0.4ms)[0m  [1mCOMMIT[0m
  [1m[35m (0.1ms)[0m  BEGIN
  [1m[36mPoll Exists (0.3ms)[0m  [1mSELECT  1 AS one FROM "polls" WHERE "polls"."title" = 'Ke$ha Trivia' LIMIT 1[0m
  [1m[35mSQL (0.3ms)[0m  INSERT INTO "polls" ("title", "user_id", "created_at", "updated_at") VALUES ($1, $2, $3, $4) RETURNING "id"  [["title", "Ke$ha Trivia"], ["user_id", 2], ["created_at", "2016-12-01 22:31:19.008446"], ["updated_at", "2016-12-01 22:31:19.008446"]]
  [1m[36m (0.4ms)[0m  [1mCOMMIT[0m
  [1m[35m (0.2ms)[0m  BEGIN
  [1m[36mSQL (1.4ms)[0m  [1mINSERT INTO "questions" ("text", "poll_id", "created_at", "updated_at") VALUES ($1, $2, $3, $4) RETURNING "id"[0m  [["text", "Sweet or savory pancake/waffle?"], ["poll_id", 1], ["created_at", "2016-12-01 22:31:19.018669"], ["updated_at", "2016-12-01 22:31:19.018669"]]
  [1m[35m (0.6ms)[0m  COMMIT
  [1m[36m (0.2ms)[0m  [1mBEGIN[0m
  [1m[35mSQL (0.4ms)[0m  INSERT INTO "questions" ("text", "poll_id", "created_at", "updated_at") VALUES ($1, $2, $3, $4) RETURNING "id"  [["text", "Powedered sugar or syrup?"], ["poll_id", 1], ["created_at", "2016-12-01 22:31:19.023340"], ["updated_at", "2016-12-01 22:31:19.023340"]]
  [1m[36m (0.4ms)[0m  [1mCOMMIT[0m
  [1m[35m (0.1ms)[0m  BEGIN
  [1m[36mSQL (0.3ms)[0m  [1mINSERT INTO "questions" ("text", "poll_id", "created_at", "updated_at") VALUES ($1, $2, $3, $4) RETURNING "id"[0m  [["text", "What drug is your love?"], ["poll_id", 2], ["created_at", "2016-12-01 22:31:19.025991"], ["updated_at", "2016-12-01 22:31:19.025991"]]
  [1m[35m (0.4ms)[0m  COMMIT
  [1m[36m (0.1ms)[0m  [1mBEGIN[0m
  [1m[35mSQL (0.3ms)[0m  INSERT INTO "questions" ("text", "poll_id", "created_at", "updated_at") VALUES ($1, $2, $3, $4) RETURNING "id"  [["text", "What do you brush your teeth with?"], ["poll_id", 2], ["created_at", "2016-12-01 22:31:19.028319"], ["updated_at", "2016-12-01 22:31:19.028319"]]
  [1m[36m (0.4ms)[0m  [1mCOMMIT[0m
  [1m[35m (0.1ms)[0m  BEGIN
  [1m[36mSQL (1.2ms)[0m  [1mINSERT INTO "answer_choices" ("text", "question_id", "created_at", "updated_at") VALUES ($1, $2, $3, $4) RETURNING "id"[0m  [["text", "Sweet"], ["question_id", 1], ["created_at", "2016-12-01 22:31:19.055489"], ["updated_at", "2016-12-01 22:31:19.055489"]]
  [1m[35m (0.5ms)[0m  COMMIT
  [1m[36m (0.2ms)[0m  [1mBEGIN[0m
  [1m[35mSQL (0.5ms)[0m  INSERT INTO "answer_choices" ("text", "question_id", "created_at", "updated_at") VALUES ($1, $2, $3, $4) RETURNING "id"  [["text", "Savory"], ["question_id", 1], ["created_at", "2016-12-01 22:31:19.059661"], ["updated_at", "2016-12-01 22:31:19.059661"]]
  [1m[36m (0.5ms)[0m  [1mCOMMIT[0m
  [1m[35m (0.1ms)[0m  BEGIN
  [1m[36mSQL (0.3ms)[0m  [1mINSERT INTO "answer_choices" ("text", "question_id", "created_at", "updated_at") VALUES ($1, $2, $3, $4) RETURNING "id"[0m  [["text", "Sugar"], ["question_id", 2], ["created_at", "2016-12-01 22:31:19.062707"], ["updated_at", "2016-12-01 22:31:19.062707"]]
  [1m[35m (0.5ms)[0m  COMMIT
  [1m[36m (0.1ms)[0m  [1mBEGIN[0m
  [1m[35mSQL (0.4ms)[0m  INSERT INTO "answer_choices" ("text", "question_id", "created_at", "updated_at") VALUES ($1, $2, $3, $4) RETURNING "id"  [["text", "Syrup"], ["question_id", 2], ["created_at", "2016-12-01 22:31:19.065258"], ["updated_at", "2016-12-01 22:31:19.065258"]]
  [1m[36m (0.4ms)[0m  [1mCOMMIT[0m
  [1m[35m (0.1ms)[0m  BEGIN
  [1m[36mSQL (0.4ms)[0m  [1mINSERT INTO "answer_choices" ("text", "question_id", "created_at", "updated_at") VALUES ($1, $2, $3, $4) RETURNING "id"[0m  [["text", "Ibuprofen"], ["question_id", 3], ["created_at", "2016-12-01 22:31:19.068002"], ["updated_at", "2016-12-01 22:31:19.068002"]]
  [1m[35m (0.4ms)[0m  COMMIT
  [1m[36m (0.1ms)[0m  [1mBEGIN[0m
  [1m[35mSQL (0.3ms)[0m  INSERT INTO "answer_choices" ("text", "question_id", "created_at", "updated_at") VALUES ($1, $2, $3, $4) RETURNING "id"  [["text", "Medicinal heroin"], ["question_id", 3], ["created_at", "2016-12-01 22:31:19.070666"], ["updated_at", "2016-12-01 22:31:19.070666"]]
  [1m[36m (0.4ms)[0m  [1mCOMMIT[0m
  [1m[35m (0.1ms)[0m  BEGIN
  [1m[36mSQL (0.2ms)[0m  [1mINSERT INTO "answer_choices" ("text", "question_id", "created_at", "updated_at") VALUES ($1, $2, $3, $4) RETURNING "id"[0m  [["text", "Colgate toothpaste that 9/10 dentists recommend"], ["question_id", 4], ["created_at", "2016-12-01 22:31:19.072766"], ["updated_at", "2016-12-01 22:31:19.072766"]]
  [1m[35m (0.4ms)[0m  COMMIT
  [1m[36m (0.1ms)[0m  [1mBEGIN[0m
  [1m[35mSQL (0.3ms)[0m  INSERT INTO "answer_choices" ("text", "question_id", "created_at", "updated_at") VALUES ($1, $2, $3, $4) RETURNING "id"  [["text", "Trident toothpaste that 6/10 dentists recommend"], ["question_id", 4], ["created_at", "2016-12-01 22:31:19.074839"], ["updated_at", "2016-12-01 22:31:19.074839"]]
  [1m[36m (0.4ms)[0m  [1mCOMMIT[0m
  [1m[35m (0.1ms)[0m  BEGIN
  [1m[36mSQL (0.2ms)[0m  [1mINSERT INTO "answer_choices" ("text", "question_id", "created_at", "updated_at") VALUES ($1, $2, $3, $4) RETURNING "id"[0m  [["text", "Bottle of Jack"], ["question_id", 4], ["created_at", "2016-12-01 22:31:19.077161"], ["updated_at", "2016-12-01 22:31:19.077161"]]
  [1m[35m (0.4ms)[0m  COMMIT
  [1m[36m (166.5ms)[0m  [1mDROP DATABASE IF EXISTS "PollApp_development"[0m
  [1m[35m (120.2ms)[0m  DROP DATABASE IF EXISTS "PollApp_test"
  [1m[36m (458.5ms)[0m  [1mCREATE DATABASE "PollApp_development" ENCODING = 'unicode'[0m
  [1m[35m (330.8ms)[0m  CREATE DATABASE "PollApp_test" ENCODING = 'unicode'
  [1m[36mSQL (25.2ms)[0m  [1mCREATE EXTENSION IF NOT EXISTS "plpgsql"[0m
  [1m[35m (8.3ms)[0m  CREATE TABLE "answer_choices" ("id" serial primary key, "question_id" integer, "text" text, "created_at" timestamp, "updated_at" timestamp) 
  [1m[36m (1.5ms)[0m  [1mCREATE  INDEX  "index_answer_choices_on_question_id" ON "answer_choices" USING btree ("question_id")[0m
  [1m[35m (4.6ms)[0m  CREATE TABLE "polls" ("id" serial primary key, "title" character varying, "user_id" integer, "created_at" timestamp, "updated_at" timestamp) 
  [1m[36m (1.4ms)[0m  [1mCREATE  INDEX  "index_polls_on_user_id" ON "polls" USING btree ("user_id")[0m
  [1m[35m (4.4ms)[0m  CREATE TABLE "questions" ("id" serial primary key, "text" text, "poll_id" integer, "created_at" timestamp, "updated_at" timestamp) 
  [1m[36m (1.5ms)[0m  [1mCREATE  INDEX  "index_questions_on_poll_id" ON "questions" USING btree ("poll_id")[0m
  [1m[35m (25.9ms)[0m  CREATE TABLE "responses" ("id" serial primary key, "user_id" integer, "answer_choice_id" integer, "created_at" timestamp, "updated_at" timestamp) 
  [1m[36m (1.6ms)[0m  [1mCREATE  INDEX  "index_responses_on_answer_choice_id" ON "responses" USING btree ("answer_choice_id")[0m
  [1m[35m (1.4ms)[0m  CREATE  INDEX  "index_responses_on_user_id" ON "responses" USING btree ("user_id")
  [1m[36m (6.2ms)[0m  [1mCREATE TABLE "users" ("id" serial primary key, "name" character varying, "created_at" timestamp, "updated_at" timestamp) [0m
  [1m[35m (4.0ms)[0m  CREATE UNIQUE INDEX  "index_users_on_name" ON "users" USING btree ("name")
  [1m[36m (4.1ms)[0m  [1mCREATE TABLE "schema_migrations" ("version" character varying NOT NULL) [0m
  [1m[35m (1.6ms)[0m  CREATE UNIQUE INDEX  "unique_schema_migrations" ON "schema_migrations"  ("version")
  [1m[36m (0.7ms)[0m  [1mSELECT version FROM "schema_migrations"[0m
  [1m[35m (1.9ms)[0m  INSERT INTO "schema_migrations" (version) VALUES ('20161201215053')
  [1m[36m (0.6ms)[0m  [1mINSERT INTO "schema_migrations" (version) VALUES ('20161201213924')[0m
  [1m[35m (0.5ms)[0m  INSERT INTO "schema_migrations" (version) VALUES ('20161201214100')
  [1m[36m (0.4ms)[0m  [1mINSERT INTO "schema_migrations" (version) VALUES ('20161201214306')[0m
  [1m[35m (0.4ms)[0m  INSERT INTO "schema_migrations" (version) VALUES ('20161201214531')
  [1m[36mSQL (0.4ms)[0m  [1mCREATE EXTENSION IF NOT EXISTS "plpgsql"[0m
  [1m[35m (8.8ms)[0m  CREATE TABLE "answer_choices" ("id" serial primary key, "question_id" integer, "text" text, "created_at" timestamp, "updated_at" timestamp) 
  [1m[36m (2.7ms)[0m  [1mCREATE  INDEX  "index_answer_choices_on_question_id" ON "answer_choices" USING btree ("question_id")[0m
  [1m[35m (8.7ms)[0m  CREATE TABLE "polls" ("id" serial primary key, "title" character varying, "user_id" integer, "created_at" timestamp, "updated_at" timestamp) 
  [1m[36m (2.1ms)[0m  [1mCREATE  INDEX  "index_polls_on_user_id" ON "polls" USING btree ("user_id")[0m
  [1m[35m (4.6ms)[0m  CREATE TABLE "questions" ("id" serial primary key, "text" text, "poll_id" integer, "created_at" timestamp, "updated_at" timestamp) 
  [1m[36m (1.4ms)[0m  [1mCREATE  INDEX  "index_questions_on_poll_id" ON "questions" USING btree ("poll_id")[0m
  [1m[35m (3.7ms)[0m  CREATE TABLE "responses" ("id" serial primary key, "user_id" integer, "answer_choice_id" integer, "created_at" timestamp, "updated_at" timestamp) 
  [1m[36m (1.4ms)[0m  [1mCREATE  INDEX  "index_responses_on_answer_choice_id" ON "responses" USING btree ("answer_choice_id")[0m
  [1m[35m (1.4ms)[0m  CREATE  INDEX  "index_responses_on_user_id" ON "responses" USING btree ("user_id")
  [1m[36m (5.7ms)[0m  [1mCREATE TABLE "users" ("id" serial primary key, "name" character varying, "created_at" timestamp, "updated_at" timestamp) [0m
  [1m[35m (2.7ms)[0m  CREATE UNIQUE INDEX  "index_users_on_name" ON "users" USING btree ("name")
  [1m[36m (2.5ms)[0m  [1mCREATE TABLE "schema_migrations" ("version" character varying NOT NULL) [0m
  [1m[35m (1.4ms)[0m  CREATE UNIQUE INDEX  "unique_schema_migrations" ON "schema_migrations"  ("version")
  [1m[36m (0.6ms)[0m  [1mSELECT version FROM "schema_migrations"[0m
  [1m[35m (0.9ms)[0m  INSERT INTO "schema_migrations" (version) VALUES ('20161201215053')
  [1m[36m (0.7ms)[0m  [1mINSERT INTO "schema_migrations" (version) VALUES ('20161201213924')[0m
  [1m[35m (0.5ms)[0m  INSERT INTO "schema_migrations" (version) VALUES ('20161201214100')
  [1m[36m (0.6ms)[0m  [1mINSERT INTO "schema_migrations" (version) VALUES ('20161201214306')[0m
  [1m[35m (0.5ms)[0m  INSERT INTO "schema_migrations" (version) VALUES ('20161201214531')
  [1m[36mActiveRecord::SchemaMigration Load (1.9ms)[0m  [1mSELECT "schema_migrations".* FROM "schema_migrations"[0m
  [1m[35m (0.2ms)[0m  BEGIN
  [1m[36mUser Exists (1.2ms)[0m  [1mSELECT  1 AS one FROM "users" WHERE "users"."name" = 'Dallas' LIMIT 1[0m
  [1m[35mSQL (1.0ms)[0m  INSERT INTO "users" ("name", "created_at", "updated_at") VALUES ($1, $2, $3) RETURNING "id"  [["name", "Dallas"], ["created_at", "2016-12-01 22:31:33.138931"], ["updated_at", "2016-12-01 22:31:33.138931"]]
  [1m[36m (0.6ms)[0m  [1mCOMMIT[0m
  [1m[35m (0.1ms)[0m  BEGIN
  [1m[36mUser Exists (0.5ms)[0m  [1mSELECT  1 AS one FROM "users" WHERE "users"."name" = 'Ke$ha' LIMIT 1[0m
  [1m[35mSQL (0.3ms)[0m  INSERT INTO "users" ("name", "created_at", "updated_at") VALUES ($1, $2, $3) RETURNING "id"  [["name", "Ke$ha"], ["created_at", "2016-12-01 22:31:33.144547"], ["updated_at", "2016-12-01 22:31:33.144547"]]
  [1m[36m (0.5ms)[0m  [1mCOMMIT[0m
  [1m[35m (0.1ms)[0m  BEGIN
  [1m[36mUser Exists (0.4ms)[0m  [1mSELECT  1 AS one FROM "users" WHERE "users"."name" = 'Bugz' LIMIT 1[0m
  [1m[35mSQL (0.3ms)[0m  INSERT INTO "users" ("name", "created_at", "updated_at") VALUES ($1, $2, $3) RETURNING "id"  [["name", "Bugz"], ["created_at", "2016-12-01 22:31:33.148093"], ["updated_at", "2016-12-01 22:31:33.148093"]]
  [1m[36m (0.4ms)[0m  [1mCOMMIT[0m
  [1m[35m (0.2ms)[0m  BEGIN
  [1m[36mPoll Exists (0.7ms)[0m  [1mSELECT  1 AS one FROM "polls" WHERE "polls"."title" = 'Pancakes and Waffles' LIMIT 1[0m
  [1m[35mSQL (0.5ms)[0m  INSERT INTO "polls" ("title", "user_id", "created_at", "updated_at") VALUES ($1, $2, $3, $4) RETURNING "id"  [["title", "Pancakes and Waffles"], ["user_id", 1], ["created_at", "2016-12-01 22:31:33.161986"], ["updated_at", "2016-12-01 22:31:33.161986"]]
  [1m[36m (0.5ms)[0m  [1mCOMMIT[0m
  [1m[35m (0.1ms)[0m  BEGIN
  [1m[36mPoll Exists (0.4ms)[0m  [1mSELECT  1 AS one FROM "polls" WHERE "polls"."title" = 'Ke$ha Trivia' LIMIT 1[0m
  [1m[35mSQL (0.3ms)[0m  INSERT INTO "polls" ("title", "user_id", "created_at", "updated_at") VALUES ($1, $2, $3, $4) RETURNING "id"  [["title", "Ke$ha Trivia"], ["user_id", 2], ["created_at", "2016-12-01 22:31:33.165884"], ["updated_at", "2016-12-01 22:31:33.165884"]]
  [1m[36m (0.4ms)[0m  [1mCOMMIT[0m
  [1m[35m (0.2ms)[0m  BEGIN
  [1m[36mSQL (0.7ms)[0m  [1mINSERT INTO "questions" ("text", "poll_id", "created_at", "updated_at") VALUES ($1, $2, $3, $4) RETURNING "id"[0m  [["text", "Sweet or savory pancake/waffle?"], ["poll_id", 1], ["created_at", "2016-12-01 22:31:33.181263"], ["updated_at", "2016-12-01 22:31:33.181263"]]
  [1m[35m (0.5ms)[0m  COMMIT
  [1m[36m (0.2ms)[0m  [1mBEGIN[0m
  [1m[35mSQL (0.4ms)[0m  INSERT INTO "questions" ("text", "poll_id", "created_at", "updated_at") VALUES ($1, $2, $3, $4) RETURNING "id"  [["text", "Powedered sugar or syrup?"], ["poll_id", 1], ["created_at", "2016-12-01 22:31:33.185106"], ["updated_at", "2016-12-01 22:31:33.185106"]]
  [1m[36m (0.4ms)[0m  [1mCOMMIT[0m
  [1m[35m (0.1ms)[0m  BEGIN
  [1m[36mSQL (0.3ms)[0m  [1mINSERT INTO "questions" ("text", "poll_id", "created_at", "updated_at") VALUES ($1, $2, $3, $4) RETURNING "id"[0m  [["text", "What drug is your love?"], ["poll_id", 2], ["created_at", "2016-12-01 22:31:33.187843"], ["updated_at", "2016-12-01 22:31:33.187843"]]
  [1m[35m (0.4ms)[0m  COMMIT
  [1m[36m (0.1ms)[0m  [1mBEGIN[0m
  [1m[35mSQL (0.3ms)[0m  INSERT INTO "questions" ("text", "poll_id", "created_at", "updated_at") VALUES ($1, $2, $3, $4) RETURNING "id"  [["text", "What do you brush your teeth with?"], ["poll_id", 2], ["created_at", "2016-12-01 22:31:33.190237"], ["updated_at", "2016-12-01 22:31:33.190237"]]
  [1m[36m (0.5ms)[0m  [1mCOMMIT[0m
  [1m[35m (0.2ms)[0m  BEGIN
  [1m[36mSQL (0.6ms)[0m  [1mINSERT INTO "answer_choices" ("text", "question_id", "created_at", "updated_at") VALUES ($1, $2, $3, $4) RETURNING "id"[0m  [["text", "Sweet"], ["question_id", 1], ["created_at", "2016-12-01 22:31:33.201192"], ["updated_at", "2016-12-01 22:31:33.201192"]]
  [1m[35m (0.5ms)[0m  COMMIT
  [1m[36m (0.2ms)[0m  [1mBEGIN[0m
  [1m[35mSQL (0.4ms)[0m  INSERT INTO "answer_choices" ("text", "question_id", "created_at", "updated_at") VALUES ($1, $2, $3, $4) RETURNING "id"  [["text", "Savory"], ["question_id", 1], ["created_at", "2016-12-01 22:31:33.204659"], ["updated_at", "2016-12-01 22:31:33.204659"]]
  [1m[36m (0.5ms)[0m  [1mCOMMIT[0m
  [1m[35m (0.1ms)[0m  BEGIN
  [1m[36mSQL (0.3ms)[0m  [1mINSERT INTO "answer_choices" ("text", "question_id", "created_at", "updated_at") VALUES ($1, $2, $3, $4) RETURNING "id"[0m  [["text", "Sugar"], ["question_id", 2], ["created_at", "2016-12-01 22:31:33.207638"], ["updated_at", "2016-12-01 22:31:33.207638"]]
  [1m[35m (0.4ms)[0m  COMMIT
  [1m[36m (0.1ms)[0m  [1mBEGIN[0m
  [1m[35mSQL (0.3ms)[0m  INSERT INTO "answer_choices" ("text", "question_id", "created_at", "updated_at") VALUES ($1, $2, $3, $4) RETURNING "id"  [["text", "Syrup"], ["question_id", 2], ["created_at", "2016-12-01 22:31:33.210215"], ["updated_at", "2016-12-01 22:31:33.210215"]]
  [1m[36m (0.4ms)[0m  [1mCOMMIT[0m
  [1m[35m (0.1ms)[0m  BEGIN
  [1m[36mSQL (0.3ms)[0m  [1mINSERT INTO "answer_choices" ("text", "question_id", "created_at", "updated_at") VALUES ($1, $2, $3, $4) RETURNING "id"[0m  [["text", "Ibuprofen"], ["question_id", 3], ["created_at", "2016-12-01 22:31:33.212473"], ["updated_at", "2016-12-01 22:31:33.212473"]]
  [1m[35m (0.4ms)[0m  COMMIT
  [1m[36m (0.1ms)[0m  [1mBEGIN[0m
  [1m[35mSQL (0.3ms)[0m  INSERT INTO "answer_choices" ("text", "question_id", "created_at", "updated_at") VALUES ($1, $2, $3, $4) RETURNING "id"  [["text", "Medicinal heroin"], ["question_id", 3], ["created_at", "2016-12-01 22:31:33.214619"], ["updated_at", "2016-12-01 22:31:33.214619"]]
  [1m[36m (0.4ms)[0m  [1mCOMMIT[0m
  [1m[35m (0.1ms)[0m  BEGIN
  [1m[36mSQL (0.2ms)[0m  [1mINSERT INTO "answer_choices" ("text", "question_id", "created_at", "updated_at") VALUES ($1, $2, $3, $4) RETURNING "id"[0m  [["text", "Colgate toothpaste that 9/10 dentists recommend"], ["question_id", 4], ["created_at", "2016-12-01 22:31:33.216721"], ["updated_at", "2016-12-01 22:31:33.216721"]]
  [1m[35m (0.4ms)[0m  COMMIT
  [1m[36m (0.1ms)[0m  [1mBEGIN[0m
  [1m[35mSQL (0.2ms)[0m  INSERT INTO "answer_choices" ("text", "question_id", "created_at", "updated_at") VALUES ($1, $2, $3, $4) RETURNING "id"  [["text", "Trident toothpaste that 6/10 dentists recommend"], ["question_id", 4], ["created_at", "2016-12-01 22:31:33.218710"], ["updated_at", "2016-12-01 22:31:33.218710"]]
  [1m[36m (0.4ms)[0m  [1mCOMMIT[0m
  [1m[35m (0.1ms)[0m  BEGIN
  [1m[36mSQL (0.2ms)[0m  [1mINSERT INTO "answer_choices" ("text", "question_id", "created_at", "updated_at") VALUES ($1, $2, $3, $4) RETURNING "id"[0m  [["text", "Bottle of Jack"], ["question_id", 4], ["created_at", "2016-12-01 22:31:33.220681"], ["updated_at", "2016-12-01 22:31:33.220681"]]
  [1m[35m (0.4ms)[0m  COMMIT
  [1m[36mActiveRecord::SchemaMigration Load (0.7ms)[0m  [1mSELECT "schema_migrations".* FROM "schema_migrations"[0m
  [1m[35m (0.2ms)[0m  BEGIN
  [1m[36mUser Exists (1.5ms)[0m  [1mSELECT  1 AS one FROM "users" WHERE "users"."name" = 'Dallas' LIMIT 1[0m
  [1m[35m (0.4ms)[0m  ROLLBACK
  [1m[36m (0.1ms)[0m  [1mBEGIN[0m
  [1m[35mUser Exists (0.5ms)[0m  SELECT  1 AS one FROM "users" WHERE "users"."name" = 'Ke$ha' LIMIT 1
  [1m[36m (0.2ms)[0m  [1mROLLBACK[0m
  [1m[35m (0.1ms)[0m  BEGIN
  [1m[36mUser Exists (0.5ms)[0m  [1mSELECT  1 AS one FROM "users" WHERE "users"."name" = 'Bugz' LIMIT 1[0m
  [1m[35m (0.2ms)[0m  ROLLBACK
  [1m[36m (0.2ms)[0m  [1mBEGIN[0m
  [1m[35mPoll Exists (0.6ms)[0m  SELECT  1 AS one FROM "polls" WHERE "polls"."title" = 'Pancakes and Waffles' LIMIT 1
  [1m[36m (0.2ms)[0m  [1mROLLBACK[0m
  [1m[35m (0.1ms)[0m  BEGIN
  [1m[36mPoll Exists (0.4ms)[0m  [1mSELECT  1 AS one FROM "polls" WHERE "polls"."title" = 'Ke$ha Trivia' LIMIT 1[0m
  [1m[35m (0.1ms)[0m  ROLLBACK
  [1m[36m (0.2ms)[0m  [1mBEGIN[0m
  [1m[35mSQL (0.9ms)[0m  INSERT INTO "questions" ("text", "poll_id", "created_at", "updated_at") VALUES ($1, $2, $3, $4) RETURNING "id"  [["text", "Sweet or savory pancake/waffle?"], ["poll_id", 1], ["created_at", "2016-12-01 22:33:06.050868"], ["updated_at", "2016-12-01 22:33:06.050868"]]
  [1m[36m (0.6ms)[0m  [1mCOMMIT[0m
  [1m[35m (0.1ms)[0m  BEGIN
  [1m[36mSQL (0.3ms)[0m  [1mINSERT INTO "questions" ("text", "poll_id", "created_at", "updated_at") VALUES ($1, $2, $3, $4) RETURNING "id"[0m  [["text", "Powedered sugar or syrup?"], ["poll_id", 1], ["created_at", "2016-12-01 22:33:06.055851"], ["updated_at", "2016-12-01 22:33:06.055851"]]
  [1m[35m (0.4ms)[0m  COMMIT
  [1m[36m (0.1ms)[0m  [1mBEGIN[0m
  [1m[35mSQL (0.3ms)[0m  INSERT INTO "questions" ("text", "poll_id", "created_at", "updated_at") VALUES ($1, $2, $3, $4) RETURNING "id"  [["text", "What drug is your love?"], ["poll_id", 2], ["created_at", "2016-12-01 22:33:06.058725"], ["updated_at", "2016-12-01 22:33:06.058725"]]
  [1m[36m (0.5ms)[0m  [1mCOMMIT[0m
  [1m[35m (0.1ms)[0m  BEGIN
  [1m[36mSQL (0.3ms)[0m  [1mINSERT INTO "questions" ("text", "poll_id", "created_at", "updated_at") VALUES ($1, $2, $3, $4) RETURNING "id"[0m  [["text", "What do you brush your teeth with?"], ["poll_id", 2], ["created_at", "2016-12-01 22:33:06.061156"], ["updated_at", "2016-12-01 22:33:06.061156"]]
  [1m[35m (0.5ms)[0m  COMMIT
  [1m[36m (0.2ms)[0m  [1mBEGIN[0m
  [1m[35mSQL (0.5ms)[0m  INSERT INTO "answer_choices" ("text", "question_id", "created_at", "updated_at") VALUES ($1, $2, $3, $4) RETURNING "id"  [["text", "Sweet"], ["question_id", 1], ["created_at", "2016-12-01 22:33:06.071098"], ["updated_at", "2016-12-01 22:33:06.071098"]]
  [1m[36m (0.5ms)[0m  [1mCOMMIT[0m
  [1m[35m (0.2ms)[0m  BEGIN
  [1m[36mSQL (0.4ms)[0m  [1mINSERT INTO "answer_choices" ("text", "question_id", "created_at", "updated_at") VALUES ($1, $2, $3, $4) RETURNING "id"[0m  [["text", "Savory"], ["question_id", 1], ["created_at", "2016-12-01 22:33:06.074766"], ["updated_at", "2016-12-01 22:33:06.074766"]]
  [1m[35m (0.4ms)[0m  COMMIT
  [1m[36m (0.1ms)[0m  [1mBEGIN[0m
  [1m[35mSQL (0.3ms)[0m  INSERT INTO "answer_choices" ("text", "question_id", "created_at", "updated_at") VALUES ($1, $2, $3, $4) RETURNING "id"  [["text", "Sugar"], ["question_id", 2], ["created_at", "2016-12-01 22:33:06.077518"], ["updated_at", "2016-12-01 22:33:06.077518"]]
  [1m[36m (0.5ms)[0m  [1mCOMMIT[0m
  [1m[35m (0.1ms)[0m  BEGIN
  [1m[36mSQL (0.3ms)[0m  [1mINSERT INTO "answer_choices" ("text", "question_id", "created_at", "updated_at") VALUES ($1, $2, $3, $4) RETURNING "id"[0m  [["text", "Syrup"], ["question_id", 2], ["created_at", "2016-12-01 22:33:06.080093"], ["updated_at", "2016-12-01 22:33:06.080093"]]
  [1m[35m (0.5ms)[0m  COMMIT
  [1m[36m (0.1ms)[0m  [1mBEGIN[0m
  [1m[35mSQL (0.4ms)[0m  INSERT INTO "answer_choices" ("text", "question_id", "created_at", "updated_at") VALUES ($1, $2, $3, $4) RETURNING "id"  [["text", "Ibuprofen"], ["question_id", 3], ["created_at", "2016-12-01 22:33:06.082786"], ["updated_at", "2016-12-01 22:33:06.082786"]]
  [1m[36m (0.5ms)[0m  [1mCOMMIT[0m
  [1m[35m (0.1ms)[0m  BEGIN
  [1m[36mSQL (0.3ms)[0m  [1mINSERT INTO "answer_choices" ("text", "question_id", "created_at", "updated_at") VALUES ($1, $2, $3, $4) RETURNING "id"[0m  [["text", "Medicinal heroin"], ["question_id", 3], ["created_at", "2016-12-01 22:33:06.085109"], ["updated_at", "2016-12-01 22:33:06.085109"]]
  [1m[35m (0.4ms)[0m  COMMIT
  [1m[36m (0.1ms)[0m  [1mBEGIN[0m
  [1m[35mSQL (0.2ms)[0m  INSERT INTO "answer_choices" ("text", "question_id", "created_at", "updated_at") VALUES ($1, $2, $3, $4) RETURNING "id"  [["text", "Colgate toothpaste that 9/10 dentists recommend"], ["question_id", 4], ["created_at", "2016-12-01 22:33:06.087236"], ["updated_at", "2016-12-01 22:33:06.087236"]]
  [1m[36m (0.4ms)[0m  [1mCOMMIT[0m
  [1m[35m (0.1ms)[0m  BEGIN
  [1m[36mSQL (0.3ms)[0m  [1mINSERT INTO "answer_choices" ("text", "question_id", "created_at", "updated_at") VALUES ($1, $2, $3, $4) RETURNING "id"[0m  [["text", "Trident toothpaste that 6/10 dentists recommend"], ["question_id", 4], ["created_at", "2016-12-01 22:33:06.089262"], ["updated_at", "2016-12-01 22:33:06.089262"]]
  [1m[35m (0.5ms)[0m  COMMIT
  [1m[36m (0.1ms)[0m  [1mBEGIN[0m
  [1m[35mSQL (0.2ms)[0m  INSERT INTO "answer_choices" ("text", "question_id", "created_at", "updated_at") VALUES ($1, $2, $3, $4) RETURNING "id"  [["text", "Bottle of Jack"], ["question_id", 4], ["created_at", "2016-12-01 22:33:06.091895"], ["updated_at", "2016-12-01 22:33:06.091895"]]
  [1m[36m (0.4ms)[0m  [1mCOMMIT[0m
  [1m[36mUser Load (0.8ms)[0m  [1mSELECT "users".* FROM "users"[0m
  [1m[35mResponse Load (39.8ms)[0m  SELECT "responses".* FROM "responses"
  [1m[36mActiveRecord::SchemaMigration Load (0.7ms)[0m  [1mSELECT "schema_migrations".* FROM "schema_migrations"[0m
  [1m[35m (0.2ms)[0m  BEGIN
  [1m[36mUser Exists (17.0ms)[0m  [1mSELECT  1 AS one FROM "users" WHERE "users"."name" = 'Dallas' LIMIT 1[0m
  [1m[35m (0.3ms)[0m  ROLLBACK
  [1m[36m (0.1ms)[0m  [1mBEGIN[0m
  [1m[35mUser Exists (0.5ms)[0m  SELECT  1 AS one FROM "users" WHERE "users"."name" = 'Ke$ha' LIMIT 1
  [1m[36m (0.1ms)[0m  [1mROLLBACK[0m
  [1m[35m (0.1ms)[0m  BEGIN
  [1m[36mUser Exists (0.4ms)[0m  [1mSELECT  1 AS one FROM "users" WHERE "users"."name" = 'Bugz' LIMIT 1[0m
  [1m[35m (0.2ms)[0m  ROLLBACK
  [1m[36m (0.2ms)[0m  [1mBEGIN[0m
  [1m[35mPoll Exists (0.6ms)[0m  SELECT  1 AS one FROM "polls" WHERE "polls"."title" = 'Pancakes and Waffles' LIMIT 1
  [1m[36m (0.2ms)[0m  [1mROLLBACK[0m
  [1m[35m (0.1ms)[0m  BEGIN
  [1m[36mPoll Exists (0.3ms)[0m  [1mSELECT  1 AS one FROM "polls" WHERE "polls"."title" = 'Ke$ha Trivia' LIMIT 1[0m
  [1m[35m (0.1ms)[0m  ROLLBACK
  [1m[36m (0.2ms)[0m  [1mBEGIN[0m
  [1m[35mSQL (1.2ms)[0m  INSERT INTO "questions" ("text", "poll_id", "created_at", "updated_at") VALUES ($1, $2, $3, $4) RETURNING "id"  [["text", "Sweet or savory pancake/waffle?"], ["poll_id", 1], ["created_at", "2016-12-01 22:34:28.141846"], ["updated_at", "2016-12-01 22:34:28.141846"]]
  [1m[36m (0.5ms)[0m  [1mCOMMIT[0m
  [1m[35m (0.1ms)[0m  BEGIN
  [1m[36mSQL (0.3ms)[0m  [1mINSERT INTO "questions" ("text", "poll_id", "created_at", "updated_at") VALUES ($1, $2, $3, $4) RETURNING "id"[0m  [["text", "Powedered sugar or syrup?"], ["poll_id", 1], ["created_at", "2016-12-01 22:34:28.146039"], ["updated_at", "2016-12-01 22:34:28.146039"]]
  [1m[35m (0.4ms)[0m  COMMIT
  [1m[36m (0.1ms)[0m  [1mBEGIN[0m
  [1m[35mSQL (0.3ms)[0m  INSERT INTO "questions" ("text", "poll_id", "created_at", "updated_at") VALUES ($1, $2, $3, $4) RETURNING "id"  [["text", "What drug is your love?"], ["poll_id", 2], ["created_at", "2016-12-01 22:34:28.148204"], ["updated_at", "2016-12-01 22:34:28.148204"]]
  [1m[36m (0.4ms)[0m  [1mCOMMIT[0m
  [1m[35m (0.1ms)[0m  BEGIN
  [1m[36mSQL (0.3ms)[0m  [1mINSERT INTO "questions" ("text", "poll_id", "created_at", "updated_at") VALUES ($1, $2, $3, $4) RETURNING "id"[0m  [["text", "What do you brush your teeth with?"], ["poll_id", 2], ["created_at", "2016-12-01 22:34:28.150295"], ["updated_at", "2016-12-01 22:34:28.150295"]]
  [1m[35m (0.4ms)[0m  COMMIT
  [1m[36m (0.1ms)[0m  [1mBEGIN[0m
  [1m[35mSQL (0.8ms)[0m  INSERT INTO "answer_choices" ("text", "question_id", "created_at", "updated_at") VALUES ($1, $2, $3, $4) RETURNING "id"  [["text", "Sweet"], ["question_id", 1], ["created_at", "2016-12-01 22:34:28.159993"], ["updated_at", "2016-12-01 22:34:28.159993"]]
  [1m[36m (0.4ms)[0m  [1mCOMMIT[0m
  [1m[35m (0.2ms)[0m  BEGIN
  [1m[36mSQL (0.3ms)[0m  [1mINSERT INTO "answer_choices" ("text", "question_id", "created_at", "updated_at") VALUES ($1, $2, $3, $4) RETURNING "id"[0m  [["text", "Savory"], ["question_id", 1], ["created_at", "2016-12-01 22:34:28.163746"], ["updated_at", "2016-12-01 22:34:28.163746"]]
  [1m[35m (0.4ms)[0m  COMMIT
  [1m[36m (0.1ms)[0m  [1mBEGIN[0m
  [1m[35mSQL (0.4ms)[0m  INSERT INTO "answer_choices" ("text", "question_id", "created_at", "updated_at") VALUES ($1, $2, $3, $4) RETURNING "id"  [["text", "Sugar"], ["question_id", 2], ["created_at", "2016-12-01 22:34:28.166158"], ["updated_at", "2016-12-01 22:34:28.166158"]]
  [1m[36m (0.5ms)[0m  [1mCOMMIT[0m
  [1m[35m (0.1ms)[0m  BEGIN
  [1m[36mSQL (0.3ms)[0m  [1mINSERT INTO "answer_choices" ("text", "question_id", "created_at", "updated_at") VALUES ($1, $2, $3, $4) RETURNING "id"[0m  [["text", "Syrup"], ["question_id", 2], ["created_at", "2016-12-01 22:34:28.168701"], ["updated_at", "2016-12-01 22:34:28.168701"]]
  [1m[35m (0.5ms)[0m  COMMIT
  [1m[36m (0.1ms)[0m  [1mBEGIN[0m
  [1m[35mSQL (0.3ms)[0m  INSERT INTO "answer_choices" ("text", "question_id", "created_at", "updated_at") VALUES ($1, $2, $3, $4) RETURNING "id"  [["text", "Ibuprofen"], ["question_id", 3], ["created_at", "2016-12-01 22:34:28.171013"], ["updated_at", "2016-12-01 22:34:28.171013"]]
  [1m[36m (0.4ms)[0m  [1mCOMMIT[0m
  [1m[35m (0.1ms)[0m  BEGIN
  [1m[36mSQL (0.3ms)[0m  [1mINSERT INTO "answer_choices" ("text", "question_id", "created_at", "updated_at") VALUES ($1, $2, $3, $4) RETURNING "id"[0m  [["text", "Medicinal heroin"], ["question_id", 3], ["created_at", "2016-12-01 22:34:28.173343"], ["updated_at", "2016-12-01 22:34:28.173343"]]
  [1m[35m (0.4ms)[0m  COMMIT
  [1m[36m (0.1ms)[0m  [1mBEGIN[0m
  [1m[35mSQL (0.2ms)[0m  INSERT INTO "answer_choices" ("text", "question_id", "created_at", "updated_at") VALUES ($1, $2, $3, $4) RETURNING "id"  [["text", "Colgate toothpaste that 9/10 dentists recommend"], ["question_id", 4], ["created_at", "2016-12-01 22:34:28.175421"], ["updated_at", "2016-12-01 22:34:28.175421"]]
  [1m[36m (0.4ms)[0m  [1mCOMMIT[0m
  [1m[35m (0.1ms)[0m  BEGIN
  [1m[36mSQL (0.2ms)[0m  [1mINSERT INTO "answer_choices" ("text", "question_id", "created_at", "updated_at") VALUES ($1, $2, $3, $4) RETURNING "id"[0m  [["text", "Trident toothpaste that 6/10 dentists recommend"], ["question_id", 4], ["created_at", "2016-12-01 22:34:28.177441"], ["updated_at", "2016-12-01 22:34:28.177441"]]
  [1m[35m (0.4ms)[0m  COMMIT
  [1m[36m (0.1ms)[0m  [1mBEGIN[0m
  [1m[35mSQL (0.2ms)[0m  INSERT INTO "answer_choices" ("text", "question_id", "created_at", "updated_at") VALUES ($1, $2, $3, $4) RETURNING "id"  [["text", "Bottle of Jack"], ["question_id", 4], ["created_at", "2016-12-01 22:34:28.179448"], ["updated_at", "2016-12-01 22:34:28.179448"]]
  [1m[36m (0.4ms)[0m  [1mCOMMIT[0m
  [1m[35m (0.2ms)[0m  BEGIN
  [1m[36mSQL (0.7ms)[0m  [1mINSERT INTO "responses" ("user_id", "answer_choice_id", "created_at", "updated_at") VALUES ($1, $2, $3, $4) RETURNING "id"[0m  [["user_id", 1], ["answer_choice_id", 2], ["created_at", "2016-12-01 22:34:28.190096"], ["updated_at", "2016-12-01 22:34:28.190096"]]
  [1m[35m (0.4ms)[0m  COMMIT
  [1m[36m (0.1ms)[0m  [1mBEGIN[0m
  [1m[35mSQL (0.3ms)[0m  INSERT INTO "responses" ("user_id", "answer_choice_id", "created_at", "updated_at") VALUES ($1, $2, $3, $4) RETURNING "id"  [["user_id", 1], ["answer_choice_id", 4], ["created_at", "2016-12-01 22:34:28.193163"], ["updated_at", "2016-12-01 22:34:28.193163"]]
  [1m[36m (0.4ms)[0m  [1mCOMMIT[0m
  [1m[35m (0.1ms)[0m  BEGIN
  [1m[36mSQL (0.3ms)[0m  [1mINSERT INTO "responses" ("user_id", "answer_choice_id", "created_at", "updated_at") VALUES ($1, $2, $3, $4) RETURNING "id"[0m  [["user_id", 1], ["answer_choice_id", 6], ["created_at", "2016-12-01 22:34:28.195321"], ["updated_at", "2016-12-01 22:34:28.195321"]]
  [1m[35m (0.4ms)[0m  COMMIT
  [1m[36m (0.1ms)[0m  [1mBEGIN[0m
  [1m[35mSQL (0.3ms)[0m  INSERT INTO "responses" ("user_id", "answer_choice_id", "created_at", "updated_at") VALUES ($1, $2, $3, $4) RETURNING "id"  [["user_id", 1], ["answer_choice_id", 9], ["created_at", "2016-12-01 22:34:28.197333"], ["updated_at", "2016-12-01 22:34:28.197333"]]
  [1m[36m (0.4ms)[0m  [1mCOMMIT[0m
  [1m[35m (0.1ms)[0m  BEGIN
  [1m[36mSQL (0.3ms)[0m  [1mINSERT INTO "responses" ("user_id", "answer_choice_id", "created_at", "updated_at") VALUES ($1, $2, $3, $4) RETURNING "id"[0m  [["user_id", 2], ["answer_choice_id", 1], ["created_at", "2016-12-01 22:34:28.199396"], ["updated_at", "2016-12-01 22:34:28.199396"]]
  [1m[35m (0.8ms)[0m  COMMIT
  [1m[36m (0.1ms)[0m  [1mBEGIN[0m
  [1m[35mSQL (0.3ms)[0m  INSERT INTO "responses" ("user_id", "answer_choice_id", "created_at", "updated_at") VALUES ($1, $2, $3, $4) RETURNING "id"  [["user_id", 2], ["answer_choice_id", 3], ["created_at", "2016-12-01 22:34:28.202142"], ["updated_at", "2016-12-01 22:34:28.202142"]]
  [1m[36m (0.5ms)[0m  [1mCOMMIT[0m
  [1m[35m (0.1ms)[0m  BEGIN
  [1m[36mSQL (0.2ms)[0m  [1mINSERT INTO "responses" ("user_id", "answer_choice_id", "created_at", "updated_at") VALUES ($1, $2, $3, $4) RETURNING "id"[0m  [["user_id", 2], ["answer_choice_id", 5], ["created_at", "2016-12-01 22:34:28.204370"], ["updated_at", "2016-12-01 22:34:28.204370"]]
  [1m[35m (0.4ms)[0m  COMMIT
  [1m[36m (0.1ms)[0m  [1mBEGIN[0m
  [1m[35mSQL (0.2ms)[0m  INSERT INTO "responses" ("user_id", "answer_choice_id", "created_at", "updated_at") VALUES ($1, $2, $3, $4) RETURNING "id"  [["user_id", 2], ["answer_choice_id", 9], ["created_at", "2016-12-01 22:34:28.206345"], ["updated_at", "2016-12-01 22:34:28.206345"]]
  [1m[36m (0.4ms)[0m  [1mCOMMIT[0m
  [1m[35m (0.1ms)[0m  BEGIN
  [1m[36mSQL (0.2ms)[0m  [1mINSERT INTO "responses" ("user_id", "answer_choice_id", "created_at", "updated_at") VALUES ($1, $2, $3, $4) RETURNING "id"[0m  [["user_id", 3], ["answer_choice_id", 2], ["created_at", "2016-12-01 22:34:28.208291"], ["updated_at", "2016-12-01 22:34:28.208291"]]
  [1m[35m (0.4ms)[0m  COMMIT
  [1m[36m (0.1ms)[0m  [1mBEGIN[0m
  [1m[35mSQL (0.2ms)[0m  INSERT INTO "responses" ("user_id", "answer_choice_id", "created_at", "updated_at") VALUES ($1, $2, $3, $4) RETURNING "id"  [["user_id", 3], ["answer_choice_id", 3], ["created_at", "2016-12-01 22:34:28.210173"], ["updated_at", "2016-12-01 22:34:28.210173"]]
  [1m[36m (0.4ms)[0m  [1mCOMMIT[0m
  [1m[35m (0.1ms)[0m  BEGIN
  [1m[36mSQL (0.2ms)[0m  [1mINSERT INTO "responses" ("user_id", "answer_choice_id", "created_at", "updated_at") VALUES ($1, $2, $3, $4) RETURNING "id"[0m  [["user_id", 2], ["answer_choice_id", 6], ["created_at", "2016-12-01 22:34:28.212142"], ["updated_at", "2016-12-01 22:34:28.212142"]]
  [1m[35m (0.4ms)[0m  COMMIT
  [1m[36m (0.1ms)[0m  [1mBEGIN[0m
  [1m[35mSQL (0.2ms)[0m  INSERT INTO "responses" ("user_id", "answer_choice_id", "created_at", "updated_at") VALUES ($1, $2, $3, $4) RETURNING "id"  [["user_id", 2], ["answer_choice_id", 7], ["created_at", "2016-12-01 22:34:28.214175"], ["updated_at", "2016-12-01 22:34:28.214175"]]
  [1m[36m (0.4ms)[0m  [1mCOMMIT[0m
  [1m[36mResponse Load (1.1ms)[0m  [1mSELECT "responses".* FROM "responses"[0m
  [1m[35mQuestion Load (1.2ms)[0m  SELECT  "questions".* FROM "questions"  ORDER BY "questions"."id" ASC LIMIT 1
  [1m[36mResponse Load (1.0ms)[0m  [1mSELECT "responses".* FROM "responses" INNER JOIN "answer_choices" ON "responses"."answer_choice_id" = "answer_choices"."id" WHERE "answer_choices"."question_id" = $1[0m  [["question_id", 1]]
  [1m[35mResponse Load (0.7ms)[0m  SELECT  "responses".* FROM "responses"  ORDER BY "responses"."id" ASC LIMIT 1
  [1m[36mResponse Load (0.4ms)[0m  [1mSELECT  "responses".* FROM "responses"  ORDER BY "responses"."id" ASC LIMIT 1[0m
  [1m[35mResponse Load (0.7ms)[0m  SELECT  "responses".* FROM "responses"  ORDER BY "responses"."id" ASC LIMIT 1
  [1m[36mResponse Load (0.4ms)[0m  [1mSELECT  "responses".* FROM "responses"  ORDER BY "responses"."id" ASC LIMIT 1[0m
  [1m[35mQuestion Load (0.8ms)[0m  SELECT  "questions".* FROM "questions" INNER JOIN "answer_choices" ON "questions"."id" = "answer_choices"."question_id" WHERE "answer_choices"."id" = $1 LIMIT 1  [["id", 2]]
  [1m[36mResponse Load (0.6ms)[0m  [1mSELECT "responses".* FROM "responses" INNER JOIN "answer_choices" ON "responses"."answer_choice_id" = "answer_choices"."id" WHERE "answer_choices"."question_id" = $1[0m  [["question_id", 1]]
  [1m[35mResponse Load (0.6ms)[0m  SELECT  "responses".* FROM "responses"  ORDER BY "responses"."id" ASC LIMIT 1
  [1m[36mResponse Load (0.4ms)[0m  [1mSELECT  "responses".* FROM "responses"  ORDER BY "responses"."id" ASC LIMIT 1[0m
  [1m[35mQuestion Load (0.5ms)[0m  SELECT  "questions".* FROM "questions" INNER JOIN "answer_choices" ON "questions"."id" = "answer_choices"."question_id" WHERE "answer_choices"."id" = $1 LIMIT 1  [["id", 2]]
  [1m[36mResponse Load (0.5ms)[0m  [1mSELECT  "responses".* FROM "responses"  ORDER BY "responses"."id" ASC LIMIT 1[0m
  [1m[35mQuestion Load (0.5ms)[0m  SELECT  "questions".* FROM "questions" INNER JOIN "answer_choices" ON "questions"."id" = "answer_choices"."question_id" WHERE "answer_choices"."id" = $1 LIMIT 1  [["id", 2]]
  [1m[36mResponse Load (0.4ms)[0m  [1mSELECT  "responses".* FROM "responses"  ORDER BY "responses"."id" ASC LIMIT 1[0m
  [1m[35mQuestion Load (0.6ms)[0m  SELECT  "questions".* FROM "questions" INNER JOIN "answer_choices" ON "questions"."id" = "answer_choices"."question_id" WHERE "answer_choices"."id" = $1 LIMIT 1  [["id", 2]]
  [1m[36mResponse Load (0.7ms)[0m  [1mSELECT "responses".* FROM "responses" INNER JOIN "answer_choices" ON "responses"."answer_choice_id" = "answer_choices"."id" WHERE "answer_choices"."question_id" = $1 AND (NOT (responses.id = 1))[0m  [["question_id", 1]]
  [1m[35mResponse Load (0.4ms)[0m  SELECT  "responses".* FROM "responses"  ORDER BY "responses"."id" ASC LIMIT 1
  [1m[36mQuestion Load (0.6ms)[0m  [1mSELECT  "questions".* FROM "questions" INNER JOIN "answer_choices" ON "questions"."id" = "answer_choices"."question_id" WHERE "answer_choices"."id" = $1 LIMIT 1[0m  [["id", 2]]
  [1m[35mResponse Load (1.3ms)[0m  SELECT "responses".* FROM "responses" INNER JOIN "answer_choices" ON "responses"."answer_choice_id" = "answer_choices"."id" WHERE "answer_choices"."question_id" = $1 AND (NOT (responses.id = 1)) AND (NOT (responses.user_id = 1))  [["question_id", 1]]
  [1m[36mResponse Load (0.4ms)[0m  [1mSELECT  "responses".* FROM "responses"  ORDER BY "responses"."id" ASC LIMIT 1[0m
  [1m[35mQuestion Load (0.8ms)[0m  SELECT  "questions".* FROM "questions" INNER JOIN "answer_choices" ON "questions"."id" = "answer_choices"."question_id" WHERE "answer_choices"."id" = $1 LIMIT 1  [["id", 2]]
  [1m[36m (0.7ms)[0m  [1mSELECT COUNT(*) FROM "responses" INNER JOIN "answer_choices" ON "responses"."answer_choice_id" = "answer_choices"."id" WHERE "answer_choices"."question_id" = $1 AND (NOT (responses.id = 1)) AND (responses.user_id = 1)[0m  [["question_id", 1]]
  [1m[35mResponse Load (0.4ms)[0m  SELECT  "responses".* FROM "responses"  ORDER BY "responses"."id" ASC LIMIT 1
  [1m[36mQuestion Load (0.2ms)[0m  [1mSELECT  "questions".* FROM "questions" INNER JOIN "answer_choices" ON "questions"."id" = "answer_choices"."question_id" WHERE "answer_choices"."id" = $1 LIMIT 1[0m  [["id", 2]]
  [1m[35mResponse Load (0.4ms)[0m  SELECT  "responses".* FROM "responses"  ORDER BY "responses"."id" ASC LIMIT 1
  [1m[36mQuestion Load (0.2ms)[0m  [1mSELECT  "questions".* FROM "questions" INNER JOIN "answer_choices" ON "questions"."id" = "answer_choices"."question_id" WHERE "answer_choices"."id" = $1 LIMIT 1[0m  [["id", 2]]
  [1m[35mResponse Load (0.6ms)[0m  SELECT "responses".* FROM "responses" INNER JOIN "answer_choices" ON "responses"."answer_choice_id" = "answer_choices"."id" WHERE "answer_choices"."question_id" = $1 AND (NOT (responses.id = 1)) AND (responses.user_id = 1)  [["question_id", 1]]
  [1m[36mQuestion Load (0.4ms)[0m  [1mSELECT  "questions".* FROM "questions" INNER JOIN "answer_choices" ON "questions"."id" = "answer_choices"."question_id" WHERE "answer_choices"."id" = $1 LIMIT 1[0m  [["id", 2]]
  [1m[35mResponse Load (0.4ms)[0m  SELECT "responses".* FROM "responses" INNER JOIN "answer_choices" ON "responses"."answer_choice_id" = "answer_choices"."id" WHERE "answer_choices"."question_id" = $1 AND (NOT (responses.id = NULL)) AND (responses.user_id = 1)  [["question_id", 1]]
  [1m[36mResponse Load (0.5ms)[0m  [1mSELECT "responses".* FROM "responses"[0m
  [1m[35mResponse Load (0.3ms)[0m  SELECT  "responses".* FROM "responses" WHERE "responses"."user_id" = $1 LIMIT 1  [["user_id", 1]]
  [1m[36mResponse Load (0.4ms)[0m  [1mSELECT "responses".* FROM "responses" INNER JOIN "answer_choices" ON "responses"."answer_choice_id" = "answer_choices"."id" WHERE "answer_choices"."question_id" = $1 AND (NOT (responses.id = NULL))[0m  [["question_id", 1]]
  [1m[35mResponse Load (0.6ms)[0m  SELECT  "responses".* FROM "responses"  ORDER BY "responses"."id" ASC LIMIT 1
  [1m[36mQuestion Load (0.4ms)[0m  [1mSELECT  "questions".* FROM "questions" INNER JOIN "answer_choices" ON "questions"."id" = "answer_choices"."question_id" WHERE "answer_choices"."id" = $1 LIMIT 1[0m  [["id", 2]]
  [1m[35mResponse Load (0.9ms)[0m  SELECT "responses".* FROM "responses" INNER JOIN "answer_choices" ON "responses"."answer_choice_id" = "answer_choices"."id" WHERE "answer_choices"."question_id" = $1 AND (NOT (responses.id = 1))  [["question_id", 1]]
  [1m[36mResponse Load (0.5ms)[0m  [1mSELECT "responses".* FROM "responses" INNER JOIN "answer_choices" ON "responses"."answer_choice_id" = "answer_choices"."id" WHERE "answer_choices"."question_id" = $1 AND (NOT (responses.id = NULL))[0m  [["question_id", 1]]
  [1m[35mQuestion Load (0.3ms)[0m  SELECT  "questions".* FROM "questions" INNER JOIN "answer_choices" ON "questions"."id" = "answer_choices"."question_id" WHERE "answer_choices"."id" = $1 LIMIT 1  [["id", 2]]
  [1m[36mResponse Load (0.4ms)[0m  [1mSELECT "responses".* FROM "responses" INNER JOIN "answer_choices" ON "responses"."answer_choice_id" = "answer_choices"."id" WHERE "answer_choices"."question_id" = $1 AND (NOT (responses.id = NULL)) AND (responses.user_id = 1)[0m  [["question_id", 1]]
  [1m[35mResponse Load (0.6ms)[0m  SELECT "responses".* FROM "responses" INNER JOIN "answer_choices" ON "responses"."answer_choice_id" = "answer_choices"."id" WHERE "answer_choices"."question_id" = $1 AND (NOT (responses.id = NULL))  [["question_id", 1]]
  [1m[36mQuestion Load (0.3ms)[0m  [1mSELECT  "questions".* FROM "questions" INNER JOIN "answer_choices" ON "questions"."id" = "answer_choices"."question_id" WHERE "answer_choices"."id" = $1 LIMIT 1[0m  [["id", 2]]
  [1m[35mResponse Load (0.6ms)[0m  SELECT "responses".* FROM "responses" INNER JOIN "answer_choices" ON "responses"."answer_choice_id" = "answer_choices"."id" WHERE "answer_choices"."question_id" = $1 AND (NOT (responses.user_id = 1)) AND (responses.user_id = 1)  [["question_id", 1]]
  [1m[36mResponse Load (0.6ms)[0m  [1mSELECT "responses".* FROM "responses" INNER JOIN "answer_choices" ON "responses"."answer_choice_id" = "answer_choices"."id" WHERE "answer_choices"."question_id" = $1 AND (NOT (responses.user_id = 1))[0m  [["question_id", 1]]
  [1m[35mQuestion Load (0.4ms)[0m  SELECT  "questions".* FROM "questions" INNER JOIN "answer_choices" ON "questions"."id" = "answer_choices"."question_id" WHERE "answer_choices"."id" = $1 LIMIT 1  [["id", 2]]
  [1m[36mResponse Load (0.6ms)[0m  [1mSELECT "responses".* FROM "responses" INNER JOIN "answer_choices" ON "responses"."answer_choice_id" = "answer_choices"."id" WHERE "answer_choices"."question_id" = $1 AND (NOT (responses.user_id = 1)) AND (responses.user_id = 1)[0m  [["question_id", 1]]
  [1m[35mQuestion Load (0.3ms)[0m  SELECT  "questions".* FROM "questions" INNER JOIN "answer_choices" ON "questions"."id" = "answer_choices"."question_id" WHERE "answer_choices"."id" = $1 LIMIT 1  [["id", 2]]
  [1m[36mResponse Exists (0.6ms)[0m  [1mSELECT  1 AS one FROM "responses" INNER JOIN "answer_choices" ON "responses"."answer_choice_id" = "answer_choices"."id" WHERE "answer_choices"."question_id" = $1 AND (NOT (responses.id = 10)) AND "responses"."id" = $2 LIMIT 1[0m  [["question_id", 1], ["id", 1]]
  [1m[35mQuestion Load (0.3ms)[0m  SELECT  "questions".* FROM "questions" INNER JOIN "answer_choices" ON "questions"."id" = "answer_choices"."question_id" WHERE "answer_choices"."id" = $1 LIMIT 1  [["id", 2]]
  [1m[36mResponse Exists (0.7ms)[0m  [1mSELECT  1 AS one FROM "responses" INNER JOIN "answer_choices" ON "responses"."answer_choice_id" = "answer_choices"."id" WHERE "answer_choices"."question_id" = $1 AND (NOT (responses.id = 10)) AND "responses"."id" = $2 LIMIT 1[0m  [["question_id", 1], ["id", 1]]
  [1m[35mQuestion Load (0.3ms)[0m  SELECT  "questions".* FROM "questions" INNER JOIN "answer_choices" ON "questions"."id" = "answer_choices"."question_id" WHERE "answer_choices"."id" = $1 LIMIT 1  [["id", 2]]
  [1m[36mResponse Exists (0.7ms)[0m  [1mSELECT  1 AS one FROM "responses" INNER JOIN "answer_choices" ON "responses"."answer_choice_id" = "answer_choices"."id" WHERE "answer_choices"."question_id" = $1 AND (NOT (responses.id = 10)) AND "responses"."id" = $2 LIMIT 1[0m  [["question_id", 1], ["id", 1]]
  [1m[35mQuestion Load (0.3ms)[0m  SELECT  "questions".* FROM "questions" INNER JOIN "answer_choices" ON "questions"."id" = "answer_choices"."question_id" WHERE "answer_choices"."id" = $1 LIMIT 1  [["id", 2]]
  [1m[36mResponse Exists (1.2ms)[0m  [1mSELECT  1 AS one FROM "responses" INNER JOIN "answer_choices" ON "responses"."answer_choice_id" = "answer_choices"."id" WHERE "answer_choices"."question_id" = $1 AND (NOT (responses.id = 10)) AND "responses"."id" = $2 LIMIT 1[0m  [["question_id", 1], ["id", 1]]
  [1m[35mResponse Load (0.6ms)[0m  SELECT "responses".* FROM "responses"
  [1m[36mResponse Load (0.9ms)[0m  [1mSELECT "responses".* FROM "responses"[0m
  [1m[36mResponse Load (0.8ms)[0m  [1mSELECT  "responses".* FROM "responses" WHERE "responses"."id" = $1 LIMIT 1[0m  [["id", 1]]
  [1m[35m (0.2ms)[0m  BEGIN
  [1m[36mQuestion Load (0.9ms)[0m  [1mSELECT  "questions".* FROM "questions" INNER JOIN "answer_choices" ON "questions"."id" = "answer_choices"."question_id" WHERE "answer_choices"."id" = $1 LIMIT 1[0m  [["id", 2]]
  [1m[35mResponse Exists (0.4ms)[0m  SELECT  1 AS one FROM "responses" INNER JOIN "answer_choices" ON "responses"."answer_choice_id" = "answer_choices"."id" WHERE "answer_choices"."question_id" = $1 AND (NOT (responses.id = NULL)) AND "responses"."id" = $2 LIMIT 1  [["question_id", 1], ["id", 1]]
  [1m[36mSQL (0.5ms)[0m  [1mINSERT INTO "responses" ("user_id", "answer_choice_id", "created_at", "updated_at") VALUES ($1, $2, $3, $4) RETURNING "id"[0m  [["user_id", 1], ["answer_choice_id", 2], ["created_at", "2016-12-01 23:05:17.690378"], ["updated_at", "2016-12-01 23:05:17.690378"]]
  [1m[35m (0.7ms)[0m  COMMIT
  [1m[36mResponse Load (0.4ms)[0m  [1mSELECT  "responses".* FROM "responses" WHERE "responses"."user_id" = $1 LIMIT 1[0m  [["user_id", 1]]
  [1m[35mResponse Load (0.5ms)[0m  SELECT "responses".* FROM "responses"
  [1m[36mQuestion Load (1.3ms)[0m  [1mSELECT  "questions".* FROM "questions" INNER JOIN "answer_choices" ON "questions"."id" = "answer_choices"."question_id" WHERE "answer_choices"."id" = $1 LIMIT 1[0m  [["id", 2]]
  [1m[35mResponse Exists (1.2ms)[0m  SELECT  1 AS one FROM "responses" INNER JOIN "answer_choices" ON "responses"."answer_choice_id" = "answer_choices"."id" WHERE "answer_choices"."question_id" = $1 AND (NOT (responses.id = NULL)) AND "responses"."id" = $2 LIMIT 1  [["question_id", 1], ["id", 1]]
  [1m[36mResponse Exists (0.5ms)[0m  [1mSELECT  1 AS one FROM "responses" INNER JOIN "answer_choices" ON "responses"."answer_choice_id" = "answer_choices"."id" WHERE "answer_choices"."question_id" = $1 AND (NOT (responses.id = NULL)) AND "responses"."id" = $2 LIMIT 1[0m  [["question_id", 1], ["id", 1]]
  [1m[35mQuestion Load (0.6ms)[0m  SELECT  "questions".* FROM "questions" INNER JOIN "answer_choices" ON "questions"."id" = "answer_choices"."question_id" WHERE "answer_choices"."id" = $1 LIMIT 1  [["id", 2]]
  [1m[36mResponse Exists (0.4ms)[0m  [1mSELECT  1 AS one FROM "responses" INNER JOIN "answer_choices" ON "responses"."answer_choice_id" = "answer_choices"."id" WHERE "answer_choices"."question_id" = $1 AND (NOT (responses.id = NULL)) AND "responses"."user_id" = $2 LIMIT 1[0m  [["question_id", 1], ["user_id", 1]]
  [1m[35mResponse Load (0.5ms)[0m  SELECT "responses".* FROM "responses" INNER JOIN "answer_choices" ON "responses"."answer_choice_id" = "answer_choices"."id" WHERE "answer_choices"."question_id" = $1 AND (NOT (responses.id = NULL))  [["question_id", 1]]
  [1m[36mResponse Load (0.6ms)[0m  [1mSELECT "responses".* FROM "responses" INNER JOIN "answer_choices" ON "responses"."answer_choice_id" = "answer_choices"."id" WHERE "answer_choices"."question_id" = $1[0m  [["question_id", 1]]
  [1m[35mQuestion Load (0.6ms)[0m  SELECT  "questions".* FROM "questions" INNER JOIN "answer_choices" ON "questions"."id" = "answer_choices"."question_id" WHERE "answer_choices"."id" = $1 LIMIT 1  [["id", 2]]
  [1m[36mResponse Exists (0.4ms)[0m  [1mSELECT  1 AS one FROM "responses" INNER JOIN "answer_choices" ON "responses"."answer_choice_id" = "answer_choices"."id" WHERE "answer_choices"."question_id" = $1 AND (NOT (responses.id IS NULL OR responses.id = NULL)) AND "responses"."user_id" = $2 LIMIT 1[0m  [["question_id", 1], ["user_id", 1]]
  [1m[35mResponse Load (0.7ms)[0m  SELECT "responses".* FROM "responses" INNER JOIN "answer_choices" ON "responses"."answer_choice_id" = "answer_choices"."id" WHERE "answer_choices"."question_id" = $1  [["question_id", 1]]
  [1m[36mResponse Exists (0.6ms)[0m  [1mSELECT  1 AS one FROM "responses" INNER JOIN "answer_choices" ON "responses"."answer_choice_id" = "answer_choices"."id" WHERE "answer_choices"."question_id" = $1 AND "responses"."user_id" = $2 LIMIT 1[0m  [["question_id", 1], ["user_id", 1]]
  [1m[35mQuestion Load (0.6ms)[0m  SELECT  "questions".* FROM "questions" INNER JOIN "answer_choices" ON "questions"."id" = "answer_choices"."question_id" WHERE "answer_choices"."id" = $1 LIMIT 1  [["id", 2]]
  [1m[36mResponse Exists (0.7ms)[0m  [1mSELECT  1 AS one FROM "responses" INNER JOIN "answer_choices" ON "responses"."answer_choice_id" = "answer_choices"."id" WHERE "answer_choices"."question_id" = $1 AND "responses"."user_id" = $2 LIMIT 1[0m  [["question_id", 1], ["user_id", 1]]
  [1m[35mQuestion Load (0.6ms)[0m  SELECT  "questions".* FROM "questions" INNER JOIN "answer_choices" ON "questions"."id" = "answer_choices"."question_id" WHERE "answer_choices"."id" = $1 LIMIT 1  [["id", 2]]
  [1m[36mQuestion Load (0.3ms)[0m  [1mSELECT  "questions".* FROM "questions" INNER JOIN "answer_choices" ON "questions"."id" = "answer_choices"."question_id" WHERE "answer_choices"."id" = $1 LIMIT 1[0m  [["id", 2]]
  [1m[35m (0.2ms)[0m  BEGIN
  [1m[36m (0.3ms)[0m  [1mROLLBACK[0m
  [1m[35mQuestion Load (0.3ms)[0m  SELECT  "questions".* FROM "questions" INNER JOIN "answer_choices" ON "questions"."id" = "answer_choices"."question_id" WHERE "answer_choices"."id" = $1 LIMIT 1  [["id", 2]]
  [1m[36mResponse Exists (0.5ms)[0m  [1mSELECT  1 AS one FROM "responses" INNER JOIN "answer_choices" ON "responses"."answer_choice_id" = "answer_choices"."id" WHERE "answer_choices"."question_id" = $1 AND (NOT (responses.id = NULL)) AND "responses"."user_id" = $2 LIMIT 1[0m  [["question_id", 1], ["user_id", 1]]
  [1m[35m (0.2ms)[0m  BEGIN
  [1m[36mResponse Exists (0.4ms)[0m  [1mSELECT  1 AS one FROM "responses" INNER JOIN "answer_choices" ON "responses"."answer_choice_id" = "answer_choices"."id" WHERE "answer_choices"."question_id" = $1 AND (NOT (responses.id = NULL)) AND "responses"."user_id" = $2 LIMIT 1[0m  [["question_id", 1], ["user_id", 1]]
  [1m[35mSQL (0.5ms)[0m  INSERT INTO "responses" ("user_id", "answer_choice_id", "created_at", "updated_at") VALUES ($1, $2, $3, $4) RETURNING "id"  [["user_id", 1], ["answer_choice_id", 2], ["created_at", "2016-12-01 23:28:45.513786"], ["updated_at", "2016-12-01 23:28:45.513786"]]
  [1m[36m (0.6ms)[0m  [1mCOMMIT[0m
  [1m[35mResponse Load (0.7ms)[0m  SELECT "responses".* FROM "responses" INNER JOIN "answer_choices" ON "responses"."answer_choice_id" = "answer_choices"."id" WHERE "answer_choices"."question_id" = $1 AND (NOT (responses.id = 14))  [["question_id", 1]]
  [1m[36mResponse Load (0.5ms)[0m  [1mSELECT "responses".* FROM "responses"[0m
  [1m[35mResponse Load (0.9ms)[0m  SELECT  "responses".* FROM "responses"  ORDER BY "responses"."id" DESC LIMIT 1
  [1m[36mResponse Exists (0.6ms)[0m  [1mSELECT  1 AS one FROM "responses" INNER JOIN "answer_choices" ON "responses"."answer_choice_id" = "answer_choices"."id" WHERE "answer_choices"."question_id" = $1 AND (NOT (responses.id = 14)) AND "responses"."user_id" = $2 LIMIT 1[0m  [["question_id", 1], ["user_id", 1]]
  [1m[35mUser Load (0.8ms)[0m  SELECT  "users".* FROM "users"  ORDER BY "users"."id" DESC LIMIT 1
  [1m[36mUser Load (0.3ms)[0m  [1mSELECT  "users".* FROM "users" WHERE "users"."id" = $1 LIMIT 1[0m  [["id", 2]]
  [1m[35mUser Load (0.5ms)[0m  SELECT  "users".* FROM "users" WHERE "users"."id" = $1 LIMIT 1  [["id", 2]]
  [1m[36mQuestion Load (0.4ms)[0m  [1mSELECT  "questions".* FROM "questions" INNER JOIN "answer_choices" ON "questions"."id" = "answer_choices"."question_id" WHERE "answer_choices"."id" = $1 LIMIT 1[0m  [["id", 5]]
  [1m[35mResponse Exists (0.5ms)[0m  SELECT  1 AS one FROM "responses" INNER JOIN "answer_choices" ON "responses"."answer_choice_id" = "answer_choices"."id" WHERE "answer_choices"."question_id" = $1 AND (NOT (responses.id = NULL)) AND "responses"."user_id" = $2 LIMIT 1  [["question_id", 3], ["user_id", 2]]
  [1m[36mResponse Exists (0.5ms)[0m  [1mSELECT  1 AS one FROM "responses" INNER JOIN "answer_choices" ON "responses"."answer_choice_id" = "answer_choices"."id" WHERE "answer_choices"."question_id" = $1 AND (NOT (responses.id = NULL)) AND "responses"."user_id" = $2 LIMIT 1[0m  [["question_id", 3], ["user_id", 2]]
  [1m[35mResponse Load (0.6ms)[0m  SELECT "responses".* FROM "responses" INNER JOIN "answer_choices" ON "responses"."answer_choice_id" = "answer_choices"."id" WHERE "answer_choices"."question_id" = $1 AND (NOT (responses.id = NULL))  [["question_id", 3]]
  [1m[36mQuestion Load (0.3ms)[0m  [1mSELECT  "questions".* FROM "questions" INNER JOIN "answer_choices" ON "questions"."id" = "answer_choices"."question_id" WHERE "answer_choices"."id" = $1 LIMIT 1[0m  [["id", 5]]
  [1m[35mResponse Exists (1.2ms)[0m  SELECT  1 AS one FROM "responses" INNER JOIN "answer_choices" ON "responses"."answer_choice_id" = "answer_choices"."id" WHERE "answer_choices"."question_id" = $1 AND ("responses"."id" IS NOT NULL) AND "responses"."user_id" = $2 LIMIT 1  [["question_id", 3], ["user_id", 2]]
  [1m[36mResponse Load (0.6ms)[0m  [1mSELECT "responses".* FROM "responses" INNER JOIN "answer_choices" ON "responses"."answer_choice_id" = "answer_choices"."id" WHERE "answer_choices"."question_id" = $1 AND ("responses"."id" IS NOT NULL)[0m  [["question_id", 3]]
  [1m[35mResponse Exists (0.8ms)[0m  SELECT  1 AS one FROM "responses" INNER JOIN "answer_choices" ON "responses"."answer_choice_id" = "answer_choices"."id" WHERE "answer_choices"."question_id" = $1 AND ("responses"."id" IS NOT NULL) AND "responses"."user_id" = $2 LIMIT 1  [["question_id", 3], ["user_id", 2]]
  [1m[36mResponse Load (0.5ms)[0m  [1mSELECT  "responses".* FROM "responses"  ORDER BY "responses"."id" ASC LIMIT 1[0m
  [1m[35mUser Load (0.3ms)[0m  SELECT  "users".* FROM "users" WHERE "users"."id" = $1 LIMIT 1  [["id", 1]]
  [1m[36mPoll Load (0.5ms)[0m  [1mSELECT "polls".* FROM "polls" WHERE "polls"."user_id" = $1[0m  [["user_id", 1]]
  [1m[35mResponse Load (0.4ms)[0m  SELECT  "responses".* FROM "responses"  ORDER BY "responses"."id" ASC LIMIT 1
  [1m[36mUser Load (0.3ms)[0m  [1mSELECT  "users".* FROM "users" WHERE "users"."id" = $1 LIMIT 1[0m  [["id", 1]]
  [1m[35mPoll Exists (0.4ms)[0m  SELECT  1 AS one FROM "polls" WHERE "polls"."user_id" = $1 AND "polls"."id" = $2 LIMIT 1  [["user_id", 1], ["id", 1]]
  [1m[36mResponse Load (0.6ms)[0m  [1mSELECT  "responses".* FROM "responses"  ORDER BY "responses"."id" ASC LIMIT 1[0m
  [1m[35mUser Load (0.5ms)[0m  SELECT  "users".* FROM "users" WHERE "users"."id" = $1 LIMIT 1  [["id", 1]]
  [1m[36mPoll Exists (0.5ms)[0m  [1mSELECT  1 AS one FROM "polls" WHERE "polls"."user_id" = $1 AND "polls"."id" = $2 LIMIT 1[0m  [["user_id", 1], ["id", 1]]
  [1m[35mResponse Load (0.4ms)[0m  SELECT  "responses".* FROM "responses"  ORDER BY "responses"."id" ASC LIMIT 1
  [1m[36mUser Load (1.2ms)[0m  [1mSELECT  "users".* FROM "users" WHERE "users"."id" = $1 LIMIT 1[0m  [["id", 1]]
  [1m[35mPoll Load (0.4ms)[0m  SELECT "polls".* FROM "polls" WHERE "polls"."user_id" = $1  [["user_id", 1]]
  [1m[36mQuestion Load (0.3ms)[0m  [1mSELECT  "questions".* FROM "questions" INNER JOIN "answer_choices" ON "questions"."id" = "answer_choices"."question_id" WHERE "answer_choices"."id" = $1 LIMIT 1[0m  [["id", 2]]
  [1m[35mResponse Exists (0.7ms)[0m  SELECT  1 AS one FROM "responses" INNER JOIN "answer_choices" ON "responses"."answer_choice_id" = "answer_choices"."id" WHERE "answer_choices"."question_id" = $1 AND ("responses"."id" IS NOT NULL) AND "responses"."user_id" = $2 LIMIT 1  [["question_id", 1], ["user_id", 1]]
  [1m[36mUser Load (0.3ms)[0m  [1mSELECT  "users".* FROM "users" WHERE "users"."id" = $1 LIMIT 1[0m  [["id", 1]]
  [1m[35mPoll Exists (0.4ms)[0m  SELECT  1 AS one FROM "polls" WHERE "polls"."user_id" = $1 AND "polls"."id" = $2 LIMIT 1  [["user_id", 1], ["id", 1]]
  [1m[36mQuestion Load (0.2ms)[0m  [1mSELECT  "questions".* FROM "questions" INNER JOIN "answer_choices" ON "questions"."id" = "answer_choices"."question_id" WHERE "answer_choices"."id" = $1 LIMIT 1[0m  [["id", 2]]
  [1m[35mResponse Exists (0.7ms)[0m  SELECT  1 AS one FROM "responses" INNER JOIN "answer_choices" ON "responses"."answer_choice_id" = "answer_choices"."id" WHERE "answer_choices"."question_id" = $1 AND ("responses"."id" IS NOT NULL) AND "responses"."user_id" = $2 LIMIT 1  [["question_id", 1], ["user_id", 1]]
  [1m[36m (0.2ms)[0m  [1mBEGIN[0m
  [1m[35mPoll Exists (0.4ms)[0m  SELECT  1 AS one FROM "polls" WHERE "polls"."user_id" = $1 AND "polls"."id" = $2 LIMIT 1  [["user_id", 1], ["id", 1]]
  [1m[36mResponse Exists (0.9ms)[0m  [1mSELECT  1 AS one FROM "responses" INNER JOIN "answer_choices" ON "responses"."answer_choice_id" = "answer_choices"."id" WHERE "answer_choices"."question_id" = $1 AND ("responses"."id" IS NOT NULL) AND "responses"."user_id" = $2 LIMIT 1[0m  [["question_id", 1], ["user_id", 1]]
  [1m[35m (0.3ms)[0m  ROLLBACK
